2025-03-26 10:47:50,148 - INFO - Starting Sentiment Analysis Pipeline...
2025-03-26 10:47:50,149 - INFO - Loading raw data...
2025-03-26 10:47:50,150 - INFO - Opening Excel Files...
2025-03-26 10:48:32,937 - INFO - Data successfully written to raw_tweets table.
2025-03-26 10:48:32,966 - INFO - Preprocessing data...
2025-03-26 10:51:50,120 - INFO - Training the model...
2025-03-26 11:11:53,097 - INFO - Starting Sentiment Analysis Pipeline...
2025-03-26 11:11:53,097 - INFO - Loading raw data...
2025-03-26 11:11:53,097 - INFO - Opening Excel Files...
2025-03-26 11:12:10,679 - INFO - Data successfully written to raw_tweets table.
2025-03-26 11:12:10,695 - INFO - Preprocessing data...
2025-03-26 11:13:11,182 - INFO - Training the model...
2025-03-26 12:01:57,298 - INFO - Starting Sentiment Analysis Pipeline...
2025-03-26 12:01:57,299 - INFO - Loading raw data...
2025-03-26 12:01:57,299 - INFO - Opening Excel Files...
2025-03-26 12:02:16,087 - INFO - Data successfully written to raw_tweets table.
2025-03-26 12:02:16,106 - INFO - Preprocessing data...
2025-03-26 12:03:41,741 - INFO - Training the model...
2025-03-27 09:10:12,579 - INFO - Starting Sentiment Analysis Pipeline...
2025-03-27 09:10:12,579 - INFO - Loading raw data...
2025-03-27 09:10:12,579 - INFO - Opening Excel Files...
2025-03-27 09:10:28,015 - INFO - Data successfully written to raw_tweets table.
2025-03-27 09:10:28,024 - INFO - Preprocessing data...
2025-03-27 09:11:15,011 - INFO - Training the model...
2025-03-27 09:50:25,429 - INFO - Starting Sentiment Analysis Pipeline...
2025-03-27 09:50:25,430 - INFO - Loading raw data...
2025-03-27 09:50:25,430 - INFO - Opening Excel Files...
2025-03-27 09:50:41,509 - INFO - Data successfully written to raw_tweets table.
2025-03-27 09:50:41,526 - INFO - Preprocessing data...
2025-03-27 09:51:31,185 - INFO - Training the model...
2025-03-27 09:51:31,377 - INFO - saving model...
2025-03-27 09:51:31,565 - INFO - saving model...
